This is LuaTeX, Version 1.07.0 (TeX Live 2018)  (format=lualatex 2018.9.26)  20 MAY 2019 22:26
 restricted system commands enabled.
 file:line:error style messages enabled.
**Auswertung.tex
(./Auswertung.tex
LaTeX2e <2018-04-01> patch level 2
Lua module: luaotfload-main 2017/01/29 2.80001 OpenType layout system.
Lua module: lualibs 2017-02-01 2.5 ConTeXt Lua standard libraries.
Lua module: lualibs-extended 2017-02-01 2.5 ConTeXt Lua libraries -- extended co
llection.(using write cache: /Users/Remponator/Library/texlive/2018/texmf-var/lu
atex-cache/generic)(using read cache: /usr/local/texlive/2018/texmf-var/luatex-c
ache/generic /Users/Remponator/Library/texlive/2018/texmf-var/luatex-cache/gener
ic)
luaotfload | conf : Root cache directory is /Users/Remponator/Library/texlive/20
18/texmf-var/luatex-cache/generic/names.
luaotfload | init : Loading fontloader “fontloader-2017-02-11.lua” from kpse
-resolved path “/usr/local/texlive/2018/texmf-dist/tex/luatex/luaotfload/fontl
oader-2017-02-11.lua”.
Lua-only attribute luaotfload@state = 1
Lua-only attribute luaotfload@noligature = 2
Lua-only attribute luaotfload@syllabe = 3
luaotfload | init : Context OpenType loader version “3.027”
Inserting `luaotfload.node_processor' at position 1 in `pre_linebreak_filter'.
Inserting `luaotfload.node_processor' at position 1 in `hpack_filter'.
Inserting `luaotfload.define_font' at position 1 in `define_font'.
Lua-only attribute luaotfload_color_attribute = 4
luaotfload | conf : Root cache directory is /Users/Remponator/Library/texlive/20
18/texmf-var/luatex-cache/generic/names.
Inserting `luaotfload.aux.set_sscale_dimens' at position 1 in `luaotfload.patch_
font'.
Inserting `luaotfload.aux.patch_cambria_domh' at position 2 in `luaotfload.patch
_font'.
Inserting `luaotfload.aux.fixup_fontdata' at position 1 in `luaotfload.patch_fon
t_unsafe'.
Inserting `luaotfload.aux.set_capheight' at position 3 in `luaotfload.patch_font
'.
Inserting `luaotfload.rewrite_fontname' at position 4 in `luaotfload.patch_font'
.
luaotfload | main : initialization completed in 0.164 seconds
Babel <3.18> and hyphenation patterns for 1 language(s) loaded.
./Auswertung.tex:1: Undefined control sequence.
l.1 \section
          {Auswertung}
? 
./Auswertung.tex:1: Emergency stop.
l.1 \section
          {Auswertung}
End of file on the terminal!



Here is how much of LuaTeX's memory you used:
 8 strings out of 494413
 100000,89155 words of node,token memory allocated 246 words of node memory still in use:
   1 dir, 35 glue_spec nodes
   avail lists: 2:12,3:1,4:1
 4301 multiletter control sequences out of 65536+600000
 14 fonts using 591559 bytes
 5i,0n,1p,36b,15s stack positions out of 5000i,500n,10000p,200000b,100000s
./Auswertung.tex:1:  ==> Fatal error occurred, no output PDF file produced!
